{
  "RSpec": {
    "coverage": {
      "/Users/georgedainton/Projects/makers/chuckle_brothers_bnb/spec/features/view_spaces_spec.rb": {
        "lines": [
          1,
          null,
          1,
          1,
          1,
          null,
          1,
          null,
          null
        ]
      },
      "/Users/georgedainton/Projects/makers/chuckle_brothers_bnb/spec/space_spec.rb": {
        "lines": [
          1,
          null,
          1,
          1,
          1,
          null,
          1,
          1,
          1,
          1,
          1,
          null,
          null
        ]
      }
    },
    "timestamp": 1652718552
  }
}
